<?xml version="1.0" encoding="UTF-8" ?>
<testsuite failures="1" time="167.783" errors="0" skipped="0" tests="8" name="com.java.ex.hello.WebDriverDemoShootoutTest">
  <properties>
    <property name="java.vendor" value="Oracle Corporation"/>
    <property name="JOB_NAME" value="MyMaven"/>
    <property name="PWD" value="/Applications/Jenkins"/>
    <property name="sun.java.launcher" value="SUN_STANDARD"/>
    <property name="sun.management.compiler" value="HotSpot 64-Bit Tiered Compilers"/>
    <property name="JENKINS_HOME" value="/Users/jacemartin/.jenkins"/>
    <property name="PATH" value="/usr/local/bin:/usr/bin:/bin:/usr/sbin:/sbin:/usr/local/git/bin"/>
    <property name="HUDSON_SERVER_COOKIE" value="757c615b68f06beb"/>
    <property name="POM_ARTIFACTID" value="hello"/>
    <property name="os.name" value="Mac OS X"/>
    <property name="TERM_PROGRAM" value="iTerm.app"/>
    <property name="sun.boot.class.path" value="/Library/Java/JavaVirtualMachines/jdk1.7.0_51.jdk/Contents/Home/jre/lib/resources.jar:/Library/Java/JavaVirtualMachines/jdk1.7.0_51.jdk/Contents/Home/jre/lib/rt.jar:/Library/Java/JavaVirtualMachines/jdk1.7.0_51.jdk/Contents/Home/jre/lib/sunrsasign.jar:/Library/Java/JavaVirtualMachines/jdk1.7.0_51.jdk/Contents/Home/jre/lib/jsse.jar:/Library/Java/JavaVirtualMachines/jdk1.7.0_51.jdk/Contents/Home/jre/lib/jce.jar:/Library/Java/JavaVirtualMachines/jdk1.7.0_51.jdk/Contents/Home/jre/lib/charsets.jar:/Library/Java/JavaVirtualMachines/jdk1.7.0_51.jdk/Contents/Home/jre/lib/jfr.jar:/Library/Java/JavaVirtualMachines/jdk1.7.0_51.jdk/Contents/Home/jre/classes"/>
    <property name="EXECUTOR_NUMBER" value="1"/>
    <property name="COLORFGBG" value="7;0"/>
    <property name="user.country.format" value="EE"/>
    <property name="java.vm.specification.vendor" value="Oracle Corporation"/>
    <property name="POM_DISPLAYNAME" value="hello"/>
    <property name="NODE_LABELS" value="master"/>
    <property name="java.runtime.version" value="1.7.0_51-b13"/>
    <property name="user.name" value="jacemartin"/>
    <property name="guice.disable.misplaced.annotation.check" value="true"/>
    <property name="user.language" value="en"/>
    <property name="BUILD_DISPLAY_NAME" value="#9"/>
    <property name="TMPDIR" value="/var/folders/ky/p02qm80x1r387lz7sfv69xmm0000gn/T/"/>
    <property name="sun.boot.library.path" value="/Library/Java/JavaVirtualMachines/jdk1.7.0_51.jdk/Contents/Home/jre/lib"/>
    <property name="JAVA_MAIN_CLASS_22152" value="Main"/>
    <property name="java.version" value="1.7.0_51"/>
    <property name="XPC_FLAGS" value="0x0"/>
    <property name="user.timezone" value="Europe/Tallinn"/>
    <property name="sun.arch.data.model" value="64"/>
    <property name="NODE_NAME" value="master"/>
    <property name="TERM" value="xterm"/>
    <property name="http.nonProxyHosts" value="local|*.local|169.254/16|*.169.254/16"/>
    <property name="java.endorsed.dirs" value="/Library/Java/JavaVirtualMachines/jdk1.7.0_51.jdk/Contents/Home/jre/lib/endorsed"/>
    <property name="BUILD_ID" value="2014-10-21_10-07-23"/>
    <property name="sun.cpu.isalist" value=""/>
    <property name="sun.jnu.encoding" value="UTF-8"/>
    <property name="file.encoding.pkg" value="sun.io"/>
    <property name="SHELL" value="/bin/bash"/>
    <property name="file.separator" value="/"/>
    <property name="java.specification.name" value="Java Platform API Specification"/>
    <property name="java.class.version" value="51.0"/>
    <property name="org.slf4j.simpleLogger.defaultLogLevel" value="info"/>
    <property name="user.country" value="US"/>
    <property name="java.home" value="/Library/Java/JavaVirtualMachines/jdk1.7.0_51.jdk/Contents/Home/jre"/>
    <property name="java.vm.info" value="mixed mode"/>
    <property name="os.version" value="10.10"/>
    <property name="POM_VERSION" value="0.0.1-SNAPSHOT"/>
    <property name="sun.font.fontmanager" value="sun.font.CFontManager"/>
    <property name="path.separator" value=":"/>
    <property name="java.vm.version" value="24.51-b03"/>
    <property name="SHLVL" value="1"/>
    <property name="_" value="/usr/bin/java"/>
    <property name="java.awt.printerjob" value="sun.lwawt.macosx.CPrinterJob"/>
    <property name="sun.io.unicode.encoding" value="UnicodeBig"/>
    <property name="awt.toolkit" value="sun.lwawt.macosx.LWCToolkit"/>
    <property name="LOGNAME" value="jacemartin"/>
    <property name="socksNonProxyHosts" value="local|*.local|169.254/16|*.169.254/16"/>
    <property name="POM_PACKAGING" value="jar"/>
    <property name="ftp.nonProxyHosts" value="local|*.local|169.254/16|*.169.254/16"/>
    <property name="HOME" value="/Users/jacemartin"/>
    <property name="POM_GROUPID" value="com.java.ex"/>
    <property name="user.home" value="/Users/jacemartin"/>
    <property name="BUILD_TAG" value="jenkins-MyMaven-9"/>
    <property name="JENKINS_SERVER_COOKIE" value="757c615b68f06beb"/>
    <property name="HUDSON_URL" value="http://localhost:8080/"/>
    <property name="XPC_SERVICE_NAME" value="0"/>
    <property name="java.specification.vendor" value="Oracle Corporation"/>
    <property name="CLASSPATH" value=""/>
    <property name="java.library.path" value="/Users/jacemartin/Library/Java/Extensions:/Library/Java/Extensions:/Network/Library/Java/Extensions:/System/Library/Java/Extensions:/usr/lib/java:."/>
    <property name="java.vendor.url" value="http://java.oracle.com/"/>
    <property name="Apple_PubSub_Socket_Render" value="/private/tmp/com.apple.launchd.mFxFoXMg8S/Render"/>
    <property name="gopherProxySet" value="false"/>
    <property name="java.vm.vendor" value="Oracle Corporation"/>
    <property name="java.runtime.name" value="Java(TM) SE Runtime Environment"/>
    <property name="maven.home" value="/Users/jacemartin/.jenkins/tools/hudson.tasks.Maven_MavenInstallation/Maven"/>
    <property name="java.class.path" value="/Users/jacemartin/.jenkins/plugins/maven-plugin/WEB-INF/lib/maven31-agent-1.5.jar:/Users/jacemartin/.jenkins/tools/hudson.tasks.Maven_MavenInstallation/Maven/boot/plexus-classworlds-2.5.1.jar:/Users/jacemartin/.jenkins/tools/hudson.tasks.Maven_MavenInstallation/Maven/conf/logging"/>
    <property name="sun.java.command" value="jenkins.maven3.agent.Maven31Main /Users/jacemartin/.jenkins/tools/hudson.tasks.Maven_MavenInstallation/Maven /Users/jacemartin/.jenkins/war/WEB-INF/lib/remoting-2.46.jar /Users/jacemartin/.jenkins/plugins/maven-plugin/WEB-INF/lib/maven31-interceptor-1.5.jar /Users/jacemartin/.jenkins/plugins/maven-plugin/WEB-INF/lib/maven3-interceptor-commons-1.5.jar 49286"/>
    <property name="java.vm.specification.name" value="Java Virtual Machine Specification"/>
    <property name="java.vm.specification.version" value="1.7"/>
    <property name="sun.os.patch.level" value="unknown"/>
    <property name="sun.cpu.endian" value="little"/>
    <property name="M2_HOME" value="/Users/jacemartin/.jenkins/tools/hudson.tasks.Maven_MavenInstallation/Maven"/>
    <property name="java.io.tmpdir" value="/var/folders/ky/p02qm80x1r387lz7sfv69xmm0000gn/T/"/>
    <property name="HUDSON_HOME" value="/Users/jacemartin/.jenkins"/>
    <property name="PATH+MAVEN" value="/Users/jacemartin/.jenkins/tools/hudson.tasks.Maven_MavenInstallation/Maven/bin"/>
    <property name="BUILD_URL" value="http://localhost:8080/job/MyMaven/9/"/>
    <property name="java.vendor.url.bug" value="http://bugreport.sun.com/bugreport/"/>
    <property name="OLDPWD" value="/Users/jacemartin"/>
    <property name="ITERM_PROFILE" value="Default"/>
    <property name="SSH_AUTH_SOCK" value="/private/tmp/com.apple.launchd.BFxr6UOWIC/Listeners"/>
    <property name="LC_CTYPE" value="UTF-8"/>
    <property name="java.awt.graphicsenv" value="sun.awt.CGraphicsEnvironment"/>
    <property name="os.arch" value="x86_64"/>
    <property name="com.apple.java.jvmTask" value="CommandLine"/>
    <property name="java.ext.dirs" value="/Users/jacemartin/Library/Java/Extensions:/Library/Java/JavaVirtualMachines/jdk1.7.0_51.jdk/Contents/Home/jre/lib/ext:/Library/Java/Extensions:/Network/Library/Java/Extensions:/System/Library/Java/Extensions:/usr/lib/java"/>
    <property name="__CF_USER_TEXT_ENCODING" value="0x1F5:0x0:0x0"/>
    <property name="user.dir" value="/Users/jacemartin/Desktop/hello"/>
    <property name="JOB_URL" value="http://localhost:8080/job/MyMaven/"/>
    <property name="line.separator" value="
"/>
    <property name="JAVA_ARCH" value="x86_64"/>
    <property name="MAVEN_HOME" value="/Users/jacemartin/.jenkins/tools/hudson.tasks.Maven_MavenInstallation/Maven"/>
    <property name="java.vm.name" value="Java HotSpot(TM) 64-Bit Server VM"/>
    <property name="BUILD_NUMBER" value="9"/>
    <property name="JENKINS_URL" value="http://localhost:8080/"/>
    <property name="ITERM_SESSION_ID" value="w1t0p0"/>
    <property name="file.encoding" value="UTF-8"/>
    <property name="maven3.interceptor" value="/Users/jacemartin/.jenkins/plugins/maven-plugin/WEB-INF/lib/maven31-interceptor-1.5.jar"/>
    <property name="WORKSPACE" value="/Users/jacemartin/.jenkins/jobs/MyMaven/workspace"/>
    <property name="maven3.interceptor.common" value="/Users/jacemartin/.jenkins/plugins/maven-plugin/WEB-INF/lib/maven3-interceptor-commons-1.5.jar"/>
    <property name="java.specification.version" value="1.7"/>
    <property name="USER" value="jacemartin"/>
  </properties>
  <testcase time="27.467" classname="com.java.ex.hello.WebDriverDemoShootoutTest" name="testLogin"/>
  <testcase time="15.343" classname="com.java.ex.hello.WebDriverDemoShootoutTest" name="testLoginFailsWithBadCredentials"/>
  <testcase time="18.119" classname="com.java.ex.hello.WebDriverDemoShootoutTest" name="testRegisterFailsWithoutName"/>
  <testcase time="21.221" classname="com.java.ex.hello.WebDriverDemoShootoutTest" name="testRegister"/>
  <testcase time="19.022" classname="com.java.ex.hello.WebDriverDemoShootoutTest" name="testRegisterFailsWithMismatchedPasswords"/>
  <testcase time="21.161" classname="com.java.ex.hello.WebDriverDemoShootoutTest" name="testRegisterFailsWithoutUsername"/>
  <testcase time="24.478" classname="com.java.ex.hello.WebDriverDemoShootoutTest" name="testRegisterFailsWithBadEmail">
    <failure message="Message not found expected:&lt;...ortion after the @: [bob])&gt; but was:&lt;...ortion after the @: [example])&gt;" type="org.junit.ComparisonFailure">org.junit.ComparisonFailure: Message not found expected:&lt;...ortion after the @: [bob])&gt; but was:&lt;...ortion after the @: [example])&gt;
	at org.junit.Assert.assertEquals(Assert.java:115)
	at com.java.ex.hello.WebDriverDemoShootoutTest.testRegisterFailsWithBadEmail(WebDriverDemoShootoutTest.java:108)
	at sun.reflect.NativeMethodAccessorImpl.invoke0(Native Method)
	at sun.reflect.NativeMethodAccessorImpl.invoke(NativeMethodAccessorImpl.java:57)
	at sun.reflect.DelegatingMethodAccessorImpl.invoke(DelegatingMethodAccessorImpl.java:43)
	at java.lang.reflect.Method.invoke(Method.java:606)
	at org.junit.runners.model.FrameworkMethod$1.runReflectiveCall(FrameworkMethod.java:47)
	at org.junit.internal.runners.model.ReflectiveCallable.run(ReflectiveCallable.java:12)
	at org.junit.runners.model.FrameworkMethod.invokeExplosively(FrameworkMethod.java:44)
	at org.junit.internal.runners.statements.InvokeMethod.evaluate(InvokeMethod.java:17)
	at org.junit.internal.runners.statements.RunBefores.evaluate(RunBefores.java:26)
	at org.junit.internal.runners.statements.RunAfters.evaluate(RunAfters.java:27)
	at org.junit.runners.ParentRunner.runLeaf(ParentRunner.java:271)
	at org.junit.runners.BlockJUnit4ClassRunner.runChild(BlockJUnit4ClassRunner.java:70)
	at org.junit.runners.BlockJUnit4ClassRunner.runChild(BlockJUnit4ClassRunner.java:50)
	at org.junit.runners.ParentRunner$3.run(ParentRunner.java:238)
	at org.junit.runners.ParentRunner$1.schedule(ParentRunner.java:63)
	at org.junit.runners.ParentRunner.runChildren(ParentRunner.java:236)
	at org.junit.runners.ParentRunner.access$000(ParentRunner.java:53)
	at org.junit.runners.ParentRunner$2.evaluate(ParentRunner.java:229)
	at org.junit.runners.ParentRunner.run(ParentRunner.java:309)
	at org.apache.maven.surefire.junit4.JUnit4Provider.execute(JUnit4Provider.java:252)
	at org.apache.maven.surefire.junit4.JUnit4Provider.executeTestSet(JUnit4Provider.java:141)
	at org.apache.maven.surefire.junit4.JUnit4Provider.invoke(JUnit4Provider.java:112)
	at sun.reflect.NativeMethodAccessorImpl.invoke0(Native Method)
	at sun.reflect.NativeMethodAccessorImpl.invoke(NativeMethodAccessorImpl.java:57)
	at sun.reflect.DelegatingMethodAccessorImpl.invoke(DelegatingMethodAccessorImpl.java:43)
	at java.lang.reflect.Method.invoke(Method.java:606)
	at org.apache.maven.surefire.util.ReflectionUtils.invokeMethodWithArray(ReflectionUtils.java:189)
	at org.apache.maven.surefire.booter.ProviderFactory$ProviderProxy.invoke(ProviderFactory.java:165)
	at org.apache.maven.surefire.booter.ProviderFactory.invokeProvider(ProviderFactory.java:85)
	at org.apache.maven.surefire.booter.ForkedBooter.runSuitesInProcess(ForkedBooter.java:115)
	at org.apache.maven.surefire.booter.ForkedBooter.main(ForkedBooter.java:75)
</failure>
  </testcase>
  <testcase time="20.972" classname="com.java.ex.hello.WebDriverDemoShootoutTest" name="testLogout"/>
</testsuite>